2022-12-28 22:57:08,804 p=5871 u=kal n=ansible | PLAY [localhost] ***************************************************************
2022-12-28 22:57:08,811 p=5871 u=kal n=ansible | TASK [Gathering Facts] *********************************************************
2022-12-28 22:57:09,031 p=5871 u=kal n=ansible | fatal: [krpz]: FAILED! => {"ansible_facts": {}, "changed": false, "failed_modules": {"ansible.legacy.setup": {"ansible_facts": {"discovered_interpreter_python": "/usr/bin/python3"}, "failed": true, "module_stderr": "sudo: a password is required\n", "module_stdout": "", "msg": "MODULE FAILURE\nSee stdout/stderr for the exact error", "rc": 1}}, "msg": "The following modules failed to execute: ansible.legacy.setup\n"}
2022-12-28 22:57:09,031 p=5871 u=kal n=ansible | PLAY RECAP *********************************************************************
2022-12-28 22:57:09,031 p=5871 u=kal n=ansible | krpz                       : ok=0    changed=0    unreachable=0    failed=1    skipped=0    rescued=0    ignored=0   
2022-12-28 22:58:23,153 p=6104 u=kal n=ansible | PLAY [localhost] ***************************************************************
2022-12-28 22:58:23,160 p=6104 u=kal n=ansible | TASK [Gathering Facts] *********************************************************
2022-12-28 22:58:23,379 p=6104 u=kal n=ansible | fatal: [krpz]: FAILED! => {"ansible_facts": {}, "changed": false, "failed_modules": {"ansible.legacy.setup": {"ansible_facts": {"discovered_interpreter_python": "/usr/bin/python3"}, "failed": true, "module_stderr": "sudo: a password is required\n", "module_stdout": "", "msg": "MODULE FAILURE\nSee stdout/stderr for the exact error", "rc": 1}}, "msg": "The following modules failed to execute: ansible.legacy.setup\n"}
2022-12-28 22:58:23,380 p=6104 u=kal n=ansible | PLAY RECAP *********************************************************************
2022-12-28 22:58:23,380 p=6104 u=kal n=ansible | krpz                       : ok=0    changed=0    unreachable=0    failed=1    skipped=0    rescued=0    ignored=0   
2022-12-28 22:58:25,751 p=6146 u=kal n=ansible | PLAY [localhost] ***************************************************************
2022-12-28 22:58:25,758 p=6146 u=kal n=ansible | TASK [Gathering Facts] *********************************************************
2022-12-28 22:58:25,978 p=6146 u=kal n=ansible | fatal: [krpz]: FAILED! => {"ansible_facts": {}, "changed": false, "failed_modules": {"ansible.legacy.setup": {"ansible_facts": {"discovered_interpreter_python": "/usr/bin/python3"}, "failed": true, "module_stderr": "sudo: a password is required\n", "module_stdout": "", "msg": "MODULE FAILURE\nSee stdout/stderr for the exact error", "rc": 1}}, "msg": "The following modules failed to execute: ansible.legacy.setup\n"}
2022-12-28 22:58:25,979 p=6146 u=kal n=ansible | PLAY RECAP *********************************************************************
2022-12-28 22:58:25,979 p=6146 u=kal n=ansible | krpz                       : ok=0    changed=0    unreachable=0    failed=1    skipped=0    rescued=0    ignored=0   
2022-12-28 23:00:32,109 p=6313 u=kal n=ansible | PLAY [localhost] ***************************************************************
2022-12-28 23:00:32,115 p=6313 u=kal n=ansible | TASK [Gathering Facts] *********************************************************
2022-12-28 23:00:32,337 p=6313 u=kal n=ansible | fatal: [krpz]: FAILED! => {"ansible_facts": {}, "changed": false, "failed_modules": {"ansible.legacy.setup": {"ansible_facts": {"discovered_interpreter_python": "/usr/bin/python3"}, "failed": true, "module_stderr": "sudo: a password is required\n", "module_stdout": "", "msg": "MODULE FAILURE\nSee stdout/stderr for the exact error", "rc": 1}}, "msg": "The following modules failed to execute: ansible.legacy.setup\n"}
2022-12-28 23:00:32,337 p=6313 u=kal n=ansible | PLAY RECAP *********************************************************************
2022-12-28 23:00:32,337 p=6313 u=kal n=ansible | krpz                       : ok=0    changed=0    unreachable=0    failed=1    skipped=0    rescued=0    ignored=0   
2022-12-28 23:00:36,691 p=6364 u=kal n=ansible | PLAY [localhost] ***************************************************************
2022-12-28 23:00:36,697 p=6364 u=kal n=ansible | TASK [Gathering Facts] *********************************************************
2022-12-28 23:00:36,889 p=6364 u=kal n=ansible | fatal: [krpz]: FAILED! => {"ansible_facts": {}, "changed": false, "failed_modules": {"ansible.legacy.setup": {"failed": true, "module_stderr": "sudo: a password is required\n", "module_stdout": "", "msg": "MODULE FAILURE\nSee stdout/stderr for the exact error", "rc": 1}}, "msg": "The following modules failed to execute: ansible.legacy.setup\n"}
2022-12-28 23:00:36,890 p=6364 u=kal n=ansible | PLAY RECAP *********************************************************************
2022-12-28 23:00:36,890 p=6364 u=kal n=ansible | krpz                       : ok=0    changed=0    unreachable=0    failed=1    skipped=0    rescued=0    ignored=0   
2022-12-28 23:00:46,649 p=6404 u=kal n=ansible | PLAY [localhost] ***************************************************************
2022-12-28 23:00:46,655 p=6404 u=kal n=ansible | TASK [Gathering Facts] *********************************************************
2022-12-28 23:00:46,847 p=6404 u=kal n=ansible | fatal: [krpz]: FAILED! => {"ansible_facts": {}, "changed": false, "failed_modules": {"ansible.legacy.setup": {"failed": true, "module_stderr": "sudo: a password is required\n", "module_stdout": "", "msg": "MODULE FAILURE\nSee stdout/stderr for the exact error", "rc": 1}}, "msg": "The following modules failed to execute: ansible.legacy.setup\n"}
2022-12-28 23:00:46,848 p=6404 u=kal n=ansible | PLAY RECAP *********************************************************************
2022-12-28 23:00:46,848 p=6404 u=kal n=ansible | krpz                       : ok=0    changed=0    unreachable=0    failed=1    skipped=0    rescued=0    ignored=0   
2022-12-28 23:02:40,776 p=6628 u=kal n=ansible | PLAY [localhost] ***************************************************************
2022-12-28 23:02:40,782 p=6628 u=kal n=ansible | TASK [Gathering Facts] *********************************************************
2022-12-28 23:02:40,978 p=6628 u=kal n=ansible | fatal: [krpz]: FAILED! => {"ansible_facts": {}, "changed": false, "failed_modules": {"ansible.legacy.setup": {"failed": true, "module_stderr": "sudo: a password is required\n", "module_stdout": "", "msg": "MODULE FAILURE\nSee stdout/stderr for the exact error", "rc": 1}}, "msg": "The following modules failed to execute: ansible.legacy.setup\n"}
2022-12-28 23:02:40,978 p=6628 u=kal n=ansible | PLAY RECAP *********************************************************************
2022-12-28 23:02:40,978 p=6628 u=kal n=ansible | krpz                       : ok=0    changed=0    unreachable=0    failed=1    skipped=0    rescued=0    ignored=0   
2022-12-28 23:03:31,389 p=6729 u=kal n=ansible | PLAY [localhost] ***************************************************************
2022-12-28 23:03:31,396 p=6729 u=kal n=ansible | TASK [Gathering Facts] *********************************************************
2022-12-28 23:03:31,591 p=6729 u=kal n=ansible | fatal: [krpz]: FAILED! => {"ansible_facts": {}, "changed": false, "failed_modules": {"ansible.legacy.setup": {"failed": true, "module_stderr": "sudo: a password is required\n", "module_stdout": "", "msg": "MODULE FAILURE\nSee stdout/stderr for the exact error", "rc": 1}}, "msg": "The following modules failed to execute: ansible.legacy.setup\n"}
2022-12-28 23:03:31,592 p=6729 u=kal n=ansible | PLAY RECAP *********************************************************************
2022-12-28 23:03:31,592 p=6729 u=kal n=ansible | krpz                       : ok=0    changed=0    unreachable=0    failed=1    skipped=0    rescued=0    ignored=0   
2022-12-28 23:03:51,232 p=6767 u=kal n=ansible | PLAY [localhost] ***************************************************************
2022-12-28 23:03:51,239 p=6767 u=kal n=ansible | TASK [Gathering Facts] *********************************************************
2022-12-28 23:03:51,431 p=6767 u=kal n=ansible | fatal: [krpz]: FAILED! => {"ansible_facts": {}, "changed": false, "failed_modules": {"ansible.legacy.setup": {"failed": true, "module_stderr": "sudo: a password is required\n", "module_stdout": "", "msg": "MODULE FAILURE\nSee stdout/stderr for the exact error", "rc": 1}}, "msg": "The following modules failed to execute: ansible.legacy.setup\n"}
2022-12-28 23:03:51,432 p=6767 u=kal n=ansible | PLAY RECAP *********************************************************************
2022-12-28 23:03:51,432 p=6767 u=kal n=ansible | krpz                       : ok=0    changed=0    unreachable=0    failed=1    skipped=0    rescued=0    ignored=0   
2022-12-28 23:03:59,378 p=6807 u=kal n=ansible | PLAY [localhost] ***************************************************************
2022-12-28 23:03:59,385 p=6807 u=kal n=ansible | TASK [Gathering Facts] *********************************************************
2022-12-28 23:03:59,583 p=6807 u=kal n=ansible | fatal: [krpz]: FAILED! => {"ansible_facts": {}, "changed": false, "failed_modules": {"ansible.legacy.setup": {"failed": true, "module_stderr": "sudo: a password is required\n", "module_stdout": "", "msg": "MODULE FAILURE\nSee stdout/stderr for the exact error", "rc": 1}}, "msg": "The following modules failed to execute: ansible.legacy.setup\n"}
2022-12-28 23:03:59,583 p=6807 u=kal n=ansible | PLAY RECAP *********************************************************************
2022-12-28 23:03:59,583 p=6807 u=kal n=ansible | krpz                       : ok=0    changed=0    unreachable=0    failed=1    skipped=0    rescued=0    ignored=0   
2022-12-28 23:04:21,542 p=6846 u=kal n=ansible | PLAY [localhost] ***************************************************************
2022-12-28 23:04:21,549 p=6846 u=kal n=ansible | TASK [Gathering Facts] *********************************************************
2022-12-28 23:04:21,743 p=6846 u=kal n=ansible | fatal: [krpz]: FAILED! => {"ansible_facts": {}, "changed": false, "failed_modules": {"ansible.legacy.setup": {"failed": true, "module_stderr": "sudo: a password is required\n", "module_stdout": "", "msg": "MODULE FAILURE\nSee stdout/stderr for the exact error", "rc": 1}}, "msg": "The following modules failed to execute: ansible.legacy.setup\n"}
2022-12-28 23:04:21,744 p=6846 u=kal n=ansible | PLAY RECAP *********************************************************************
2022-12-28 23:04:21,744 p=6846 u=kal n=ansible | krpz                       : ok=0    changed=0    unreachable=0    failed=1    skipped=0    rescued=0    ignored=0   
2022-12-28 23:06:04,257 p=7166 u=kal n=ansible | [WARNING]: Unable to parse /home/kal/dots/playbooks/hosts as an inventory
source

2022-12-28 23:06:04,257 p=7166 u=kal n=ansible | [WARNING]: No inventory was parsed, only implicit localhost is available

2022-12-28 23:06:04,259 p=7166 u=kal n=ansible | [WARNING]: provided hosts list is empty, only localhost is available. Note that
the implicit localhost does not match 'all'

2022-12-28 23:06:04,322 p=7166 u=kal n=ansible | PLAY [localhost] ***************************************************************
2022-12-28 23:06:04,329 p=7166 u=kal n=ansible | TASK [Gathering Facts] *********************************************************
2022-12-28 23:06:04,523 p=7166 u=kal n=ansible | fatal: [localhost]: FAILED! => {"ansible_facts": {}, "changed": false, "failed_modules": {"ansible.legacy.setup": {"failed": true, "module_stderr": "sudo: a password is required\n", "module_stdout": "", "msg": "MODULE FAILURE\nSee stdout/stderr for the exact error", "rc": 1}}, "msg": "The following modules failed to execute: ansible.legacy.setup\n"}
2022-12-28 23:06:04,523 p=7166 u=kal n=ansible | PLAY RECAP *********************************************************************
2022-12-28 23:06:04,523 p=7166 u=kal n=ansible | localhost                  : ok=0    changed=0    unreachable=0    failed=1    skipped=0    rescued=0    ignored=0   
2022-12-28 23:06:12,549 p=7205 u=kal n=ansible | PLAY [localhost] ***************************************************************
2022-12-28 23:06:12,556 p=7205 u=kal n=ansible | TASK [Gathering Facts] *********************************************************
2022-12-28 23:06:12,748 p=7205 u=kal n=ansible | fatal: [krpz]: FAILED! => {"ansible_facts": {}, "changed": false, "failed_modules": {"ansible.legacy.setup": {"failed": true, "module_stderr": "sudo: a password is required\n", "module_stdout": "", "msg": "MODULE FAILURE\nSee stdout/stderr for the exact error", "rc": 1}}, "msg": "The following modules failed to execute: ansible.legacy.setup\n"}
2022-12-28 23:06:12,749 p=7205 u=kal n=ansible | PLAY RECAP *********************************************************************
2022-12-28 23:06:12,749 p=7205 u=kal n=ansible | krpz                       : ok=0    changed=0    unreachable=0    failed=1    skipped=0    rescued=0    ignored=0   
2022-12-28 23:06:35,548 p=7259 u=kal n=ansible | ERROR! the playbook: playbook.yml could not be found
2022-12-28 23:06:40,856 p=7264 u=kal n=ansible | [WARNING]: Unable to parse /home/kal/dots/playbooks/hosts as an inventory
source

2022-12-28 23:06:40,856 p=7264 u=kal n=ansible | [WARNING]: No inventory was parsed, only implicit localhost is available

2022-12-28 23:06:40,859 p=7264 u=kal n=ansible | [WARNING]: provided hosts list is empty, only localhost is available. Note that
the implicit localhost does not match 'all'

2022-12-28 23:06:40,918 p=7264 u=kal n=ansible | PLAY [all] *********************************************************************
2022-12-28 23:06:40,918 p=7264 u=kal n=ansible | skipping: no hosts matched
2022-12-28 23:06:40,918 p=7264 u=kal n=ansible | PLAY RECAP *********************************************************************
2022-12-28 23:07:04,570 p=7286 u=kal n=ansible | PLAY [localhost] ***************************************************************
2022-12-28 23:07:04,577 p=7286 u=kal n=ansible | TASK [Gathering Facts] *********************************************************
2022-12-28 23:07:04,772 p=7286 u=kal n=ansible | fatal: [krpz]: FAILED! => {"ansible_facts": {}, "changed": false, "failed_modules": {"ansible.legacy.setup": {"failed": true, "module_stderr": "sudo: a password is required\n", "module_stdout": "", "msg": "MODULE FAILURE\nSee stdout/stderr for the exact error", "rc": 1}}, "msg": "The following modules failed to execute: ansible.legacy.setup\n"}
2022-12-28 23:07:04,773 p=7286 u=kal n=ansible | PLAY RECAP *********************************************************************
2022-12-28 23:07:04,773 p=7286 u=kal n=ansible | krpz                       : ok=0    changed=0    unreachable=0    failed=1    skipped=0    rescued=0    ignored=0   
2022-12-28 23:07:27,232 p=7331 u=kal n=ansible | PLAY [localhost] ***************************************************************
2022-12-28 23:07:27,239 p=7331 u=kal n=ansible | TASK [Gathering Facts] *********************************************************
2022-12-28 23:07:27,434 p=7331 u=kal n=ansible | fatal: [krpz]: FAILED! => {"ansible_facts": {}, "changed": false, "failed_modules": {"ansible.legacy.setup": {"failed": true, "module_stderr": "sudo: a password is required\n", "module_stdout": "", "msg": "MODULE FAILURE\nSee stdout/stderr for the exact error", "rc": 1}}, "msg": "The following modules failed to execute: ansible.legacy.setup\n"}
2022-12-28 23:07:27,435 p=7331 u=kal n=ansible | PLAY RECAP *********************************************************************
2022-12-28 23:07:27,435 p=7331 u=kal n=ansible | krpz                       : ok=0    changed=0    unreachable=0    failed=1    skipped=0    rescued=0    ignored=0   
2022-12-28 23:09:00,056 p=7422 u=kal n=ansible | ERROR! 'become_pass' is not a valid attribute for a Play

The error appears to be in '/home/kal/dots/playbooks/all.yaml': line 1, column 3, but may
be elsewhere in the file depending on the exact syntax problem.

The offending line appears to be:


- hosts: localhost
  ^ here

2022-12-28 23:09:32,922 p=7457 u=kal n=ansible | PLAY [localhost] ***************************************************************
2022-12-28 23:09:32,929 p=7457 u=kal n=ansible | TASK [Gathering Facts] *********************************************************
2022-12-28 23:09:33,120 p=7457 u=kal n=ansible | fatal: [krpz]: FAILED! => {"ansible_facts": {}, "changed": false, "failed_modules": {"ansible.legacy.setup": {"failed": true, "module_stderr": "sudo: a password is required\n", "module_stdout": "", "msg": "MODULE FAILURE\nSee stdout/stderr for the exact error", "rc": 1}}, "msg": "The following modules failed to execute: ansible.legacy.setup\n"}
2022-12-28 23:09:33,121 p=7457 u=kal n=ansible | PLAY RECAP *********************************************************************
2022-12-28 23:09:33,121 p=7457 u=kal n=ansible | krpz                       : ok=0    changed=0    unreachable=0    failed=1    skipped=0    rescued=0    ignored=0   
2022-12-28 23:09:46,033 p=8280 u=kal n=ansible | PLAY [localhost] ***************************************************************
2022-12-28 23:09:46,040 p=8280 u=kal n=ansible | TASK [Gathering Facts] *********************************************************
2022-12-28 23:09:49,789 p=8280 u=kal n=ansible | ok: [krpz]
2022-12-28 23:09:49,809 p=8280 u=kal n=ansible | TASK [Install shell utilities w/ apt] ******************************************
2022-12-28 23:09:51,002 p=8280 u=kal n=ansible | ok: [krpz]
2022-12-28 23:09:51,010 p=8280 u=kal n=ansible | TASK [Ensure the user has a zsh shell.] ****************************************
2022-12-28 23:09:51,264 p=8280 u=kal n=ansible | ok: [krpz]
2022-12-28 23:09:51,273 p=8280 u=kal n=ansible | TASK [Install shell utilities w/ apt] ******************************************
2022-12-28 23:09:52,458 p=8280 u=kal n=ansible | ok: [krpz]
2022-12-28 23:09:52,467 p=8280 u=kal n=ansible | TASK [Set environment managers] ************************************************
2022-12-28 23:09:53,242 p=8280 u=kal n=ansible | fatal: [krpz]: FAILED! => {"changed": false, "msg": "No package matching 'nvm' is available"}
2022-12-28 23:09:53,243 p=8280 u=kal n=ansible | PLAY RECAP *********************************************************************
2022-12-28 23:09:53,243 p=8280 u=kal n=ansible | krpz                       : ok=4    changed=0    unreachable=0    failed=1    skipped=0    rescued=0    ignored=0   
2022-12-28 23:10:02,897 p=8549 u=kal n=ansible | PLAY [localhost] ***************************************************************
2022-12-28 23:10:02,904 p=8549 u=kal n=ansible | TASK [Gathering Facts] *********************************************************
2022-12-28 23:10:06,587 p=8549 u=kal n=ansible | ok: [krpz]
2022-12-28 23:10:06,607 p=8549 u=kal n=ansible | TASK [Install shell utilities w/ apt] ******************************************
2022-12-28 23:10:07,776 p=8549 u=kal n=ansible | ok: [krpz]
2022-12-28 23:10:07,784 p=8549 u=kal n=ansible | TASK [Ensure the user has a zsh shell.] ****************************************
2022-12-28 23:10:08,002 p=8549 u=kal n=ansible | ok: [krpz]
2022-12-28 23:10:08,010 p=8549 u=kal n=ansible | TASK [Install shell utilities w/ apt] ******************************************
2022-12-28 23:10:09,033 p=8549 u=kal n=ansible | ok: [krpz]
2022-12-28 23:10:09,040 p=8549 u=kal n=ansible | TASK [Set environment managers] ************************************************
2022-12-28 23:10:12,921 p=8549 u=kal n=ansible | changed: [krpz]
2022-12-28 23:10:12,928 p=8549 u=kal n=ansible | TASK [Set environment managers] ************************************************
2022-12-28 23:10:16,564 p=8549 u=kal n=ansible | changed: [krpz]
2022-12-28 23:10:16,591 p=8549 u=kal n=ansible | PLAY RECAP *********************************************************************
2022-12-28 23:10:16,591 p=8549 u=kal n=ansible | krpz                       : ok=6    changed=2    unreachable=0    failed=0    skipped=0    rescued=0    ignored=0   
2022-12-28 23:14:23,248 p=9562 u=kal n=ansible | PLAY [localhost] ***************************************************************
2022-12-28 23:14:23,255 p=9562 u=kal n=ansible | TASK [Gathering Facts] *********************************************************
2022-12-28 23:14:26,924 p=9562 u=kal n=ansible | ok: [krpz]
2022-12-28 23:14:26,945 p=9562 u=kal n=ansible | TASK [Install shell utilities w/ apt] ******************************************
2022-12-28 23:14:28,094 p=9562 u=kal n=ansible | ok: [krpz]
2022-12-28 23:14:28,105 p=9562 u=kal n=ansible | TASK [Ensure the user has a zsh shell.] ****************************************
2022-12-28 23:14:28,322 p=9562 u=kal n=ansible | ok: [krpz]
2022-12-28 23:14:28,329 p=9562 u=kal n=ansible | TASK [Install shell utilities w/ apt] ******************************************
2022-12-28 23:14:29,347 p=9562 u=kal n=ansible | ok: [krpz]
2022-12-28 23:14:29,354 p=9562 u=kal n=ansible | TASK [Set environment managers] ************************************************
2022-12-28 23:14:30,395 p=9562 u=kal n=ansible | ok: [krpz]
2022-12-28 23:14:30,403 p=9562 u=kal n=ansible | TASK [Set environment managers] ************************************************
2022-12-28 23:14:31,418 p=9562 u=kal n=ansible | ok: [krpz]
2022-12-28 23:14:31,427 p=9562 u=kal n=ansible | TASK [Install VM techs] ********************************************************
2022-12-28 23:15:16,007 p=9562 u=kal n=ansible | changed: [krpz]
2022-12-28 23:15:16,035 p=9562 u=kal n=ansible | PLAY RECAP *********************************************************************
2022-12-28 23:15:16,035 p=9562 u=kal n=ansible | krpz                       : ok=7    changed=1    unreachable=0    failed=0    skipped=0    rescued=0    ignored=0   
2022-12-28 23:16:19,221 p=21619 u=kal n=ansible | PLAY [localhost] ***************************************************************
2022-12-28 23:16:19,229 p=21619 u=kal n=ansible | TASK [Gathering Facts] *********************************************************
2022-12-28 23:16:23,174 p=21619 u=kal n=ansible | ok: [krpz]
2022-12-28 23:16:23,195 p=21619 u=kal n=ansible | TASK [Install shell utilities w/ apt] ******************************************
2022-12-28 23:16:24,324 p=21619 u=kal n=ansible | ok: [krpz]
2022-12-28 23:16:24,332 p=21619 u=kal n=ansible | TASK [Ensure the user has a zsh shell.] ****************************************
2022-12-28 23:16:24,575 p=21619 u=kal n=ansible | ok: [krpz]
2022-12-28 23:16:24,583 p=21619 u=kal n=ansible | TASK [Install shell utilities w/ apt] ******************************************
2022-12-28 23:16:25,602 p=21619 u=kal n=ansible | ok: [krpz]
2022-12-28 23:16:25,610 p=21619 u=kal n=ansible | TASK [Set environment managers] ************************************************
2022-12-28 23:16:26,633 p=21619 u=kal n=ansible | ok: [krpz]
2022-12-28 23:16:26,641 p=21619 u=kal n=ansible | TASK [Set environment managers] ************************************************
2022-12-28 23:16:27,706 p=21619 u=kal n=ansible | ok: [krpz]
2022-12-28 23:16:27,714 p=21619 u=kal n=ansible | TASK [Install VM techs] ********************************************************
2022-12-28 23:16:28,755 p=21619 u=kal n=ansible | ok: [krpz]
2022-12-28 23:16:28,783 p=21619 u=kal n=ansible | PLAY RECAP *********************************************************************
2022-12-28 23:16:28,783 p=21619 u=kal n=ansible | krpz                       : ok=7    changed=0    unreachable=0    failed=0    skipped=0    rescued=0    ignored=0   
2022-12-28 23:17:44,518 p=22014 u=kal n=ansible | PLAY [localhost] ***************************************************************
2022-12-28 23:17:44,525 p=22014 u=kal n=ansible | TASK [Gathering Facts] *********************************************************
2022-12-28 23:17:48,469 p=22014 u=kal n=ansible | ok: [krpz]
2022-12-28 23:17:48,497 p=22014 u=kal n=ansible | TASK [Install shell utilities w/ apt] ******************************************
2022-12-28 23:17:49,651 p=22014 u=kal n=ansible | ok: [krpz]
2022-12-28 23:17:49,659 p=22014 u=kal n=ansible | TASK [Ensure the user has a zsh shell.] ****************************************
2022-12-28 23:17:49,903 p=22014 u=kal n=ansible | ok: [krpz]
2022-12-28 23:17:49,911 p=22014 u=kal n=ansible | TASK [Install shell utilities w/ apt] ******************************************
2022-12-28 23:17:51,037 p=22014 u=kal n=ansible | ok: [krpz]
2022-12-28 23:17:51,046 p=22014 u=kal n=ansible | TASK [Set environment managers] ************************************************
2022-12-28 23:17:52,104 p=22014 u=kal n=ansible | ok: [krpz]
2022-12-28 23:17:52,112 p=22014 u=kal n=ansible | TASK [Set environment managers] ************************************************
2022-12-28 23:17:53,161 p=22014 u=kal n=ansible | ok: [krpz]
2022-12-28 23:17:53,169 p=22014 u=kal n=ansible | TASK [Install VM techs] ********************************************************
2022-12-28 23:17:54,228 p=22014 u=kal n=ansible | ok: [krpz]
2022-12-28 23:17:54,236 p=22014 u=kal n=ansible | TASK [Creates directory] *******************************************************
2022-12-28 23:17:54,861 p=22014 u=kal n=ansible | changed: [krpz]
2022-12-28 23:17:54,888 p=22014 u=kal n=ansible | PLAY RECAP *********************************************************************
2022-12-28 23:17:54,889 p=22014 u=kal n=ansible | krpz                       : ok=8    changed=1    unreachable=0    failed=0    skipped=0    rescued=0    ignored=0   
2022-12-28 23:20:20,684 p=22464 u=kal n=ansible | ERROR! no module/action detected in task.

The error appears to be in '/home/kal/dots/playbooks/all.yaml': line 23, column 5, but may
be elsewhere in the file depending on the exact syntax problem.

The offending line appears to be:

        - openssh-server
  - name: Install other utilities (wget, curl, git, etc.)
    ^ here

2022-12-28 23:21:13,694 p=22492 u=kal n=ansible | PLAY [localhost] ***************************************************************
2022-12-28 23:21:13,701 p=22492 u=kal n=ansible | TASK [Gathering Facts] *********************************************************
2022-12-28 23:21:17,648 p=22492 u=kal n=ansible | ok: [krpz]
2022-12-28 23:21:17,669 p=22492 u=kal n=ansible | TASK [Install shell utilities w/ apt] ******************************************
2022-12-28 23:21:18,873 p=22492 u=kal n=ansible | ok: [krpz]
2022-12-28 23:21:18,881 p=22492 u=kal n=ansible | TASK [Ensure the user has a zsh shell.] ****************************************
2022-12-28 23:21:19,101 p=22492 u=kal n=ansible | ok: [krpz]
2022-12-28 23:21:19,109 p=22492 u=kal n=ansible | TASK [Install shell utilities w/ apt] ******************************************
2022-12-28 23:21:20,166 p=22492 u=kal n=ansible | ok: [krpz]
2022-12-28 23:21:20,174 p=22492 u=kal n=ansible | TASK [Install other utilities (wget, curl, git, etc.)] *************************
2022-12-28 23:21:21,282 p=22492 u=kal n=ansible | ok: [krpz]
2022-12-28 23:21:21,291 p=22492 u=kal n=ansible | TASK [Set environment managers] ************************************************
2022-12-28 23:21:22,328 p=22492 u=kal n=ansible | ok: [krpz]
2022-12-28 23:21:22,336 p=22492 u=kal n=ansible | TASK [Set environment managers] ************************************************
2022-12-28 23:21:23,400 p=22492 u=kal n=ansible | ok: [krpz]
2022-12-28 23:21:23,408 p=22492 u=kal n=ansible | TASK [Install VM techs] ********************************************************
2022-12-28 23:21:24,484 p=22492 u=kal n=ansible | ok: [krpz]
2022-12-28 23:21:24,492 p=22492 u=kal n=ansible | TASK [Creates MyApplications and bin directory] ********************************
2022-12-28 23:21:24,686 p=22492 u=kal n=ansible | ok: [krpz]
2022-12-28 23:21:24,695 p=22492 u=kal n=ansible | TASK [Install via shell scripts (Rust, tailscale)] *****************************
2022-12-28 23:21:37,347 p=22492 u=kal n=ansible | changed: [krpz]
2022-12-28 23:21:37,382 p=22492 u=kal n=ansible | PLAY RECAP *********************************************************************
2022-12-28 23:21:37,382 p=22492 u=kal n=ansible | krpz                       : ok=10   changed=1    unreachable=0    failed=0    skipped=0    rescued=0    ignored=0   
2022-12-28 23:22:01,814 p=24092 u=kal n=ansible | ERROR! unexpected parameter type in action: <class 'ansible.parsing.yaml.objects.AnsibleSequence'>

The error appears to be in '/home/kal/dots/playbooks/all.yaml': line 69, column 5, but may
be elsewhere in the file depending on the exact syntax problem.

The offending line appears to be:

  #     depth: 1
  - name: Install via shell scripts (Rust, tailscale)
    ^ here

2022-12-28 23:22:14,924 p=24101 u=kal n=ansible | ERROR! We were unable to read either as JSON nor YAML, these are the errors we got from each:
JSON: Expecting value: line 1 column 1 (char 0)

Syntax Error while loading YAML.
  did not find expected key

The error appears to be in '/home/kal/dots/playbooks/all.yaml': line 72, column 6, but may
be elsewhere in the file depending on the exact syntax problem.

The offending line appears to be:

      cmd: curl --proto '=https' --tlsv1.2 -sSf https://sh.rustup.rs | sh
     shell:
     ^ here

2022-12-28 23:22:40,101 p=24115 u=kal n=ansible | ERROR! unexpected parameter type in action: <class 'ansible.parsing.yaml.objects.AnsibleSequence'>

The error appears to be in '/home/kal/dots/playbooks/all.yaml': line 72, column 5, but may
be elsewhere in the file depending on the exact syntax problem.

The offending line appears to be:

      cmd: curl --proto '=https' --tlsv1.2 -sSf https://sh.rustup.rs | sh
  - name: Installl tailscale
    ^ here

2022-12-28 23:22:45,594 p=24124 u=kal n=ansible | PLAY [localhost] ***************************************************************
2022-12-28 23:22:45,602 p=24124 u=kal n=ansible | TASK [Gathering Facts] *********************************************************
2022-12-28 23:22:49,538 p=24124 u=kal n=ansible | ok: [krpz]
2022-12-28 23:22:49,563 p=24124 u=kal n=ansible | TASK [Install shell utilities w/ apt] ******************************************
2022-12-28 23:22:50,705 p=24124 u=kal n=ansible | ok: [krpz]
2022-12-28 23:22:50,713 p=24124 u=kal n=ansible | TASK [Ensure the user has a zsh shell.] ****************************************
2022-12-28 23:22:50,933 p=24124 u=kal n=ansible | ok: [krpz]
2022-12-28 23:22:50,941 p=24124 u=kal n=ansible | TASK [Install shell utilities w/ apt] ******************************************
2022-12-28 23:22:51,970 p=24124 u=kal n=ansible | ok: [krpz]
2022-12-28 23:22:51,978 p=24124 u=kal n=ansible | TASK [Install other utilities (wget, curl, git, etc.)] *************************
2022-12-28 23:22:53,104 p=24124 u=kal n=ansible | ok: [krpz]
2022-12-28 23:22:53,115 p=24124 u=kal n=ansible | TASK [Set environment managers] ************************************************
2022-12-28 23:22:54,283 p=24124 u=kal n=ansible | ok: [krpz]
2022-12-28 23:22:54,291 p=24124 u=kal n=ansible | TASK [Set environment managers] ************************************************
2022-12-28 23:22:55,344 p=24124 u=kal n=ansible | ok: [krpz]
2022-12-28 23:22:55,352 p=24124 u=kal n=ansible | TASK [Install VM techs] ********************************************************
2022-12-28 23:22:56,398 p=24124 u=kal n=ansible | ok: [krpz]
2022-12-28 23:22:56,405 p=24124 u=kal n=ansible | TASK [Creates MyApplications and bin directory] ********************************
2022-12-28 23:22:56,586 p=24124 u=kal n=ansible | ok: [krpz]
2022-12-28 23:22:56,593 p=24124 u=kal n=ansible | TASK [Install Rust] ************************************************************
2022-12-28 23:22:58,585 p=24124 u=kal n=ansible | fatal: [krpz]: FAILED! => {"changed": true, "cmd": "curl --proto '=https' --tlsv1.2 -sSf https://sh.rustup.rs | sh", "delta": "0:00:01.816444", "end": "2022-12-28 23:22:58.567297", "msg": "non-zero return code", "rc": 1, "start": "2022-12-28 23:22:56.750853", "stderr": "info: downloading installer\nrustup: Unable to run interactively. Run with -y to accept defaults, --help for additional options", "stderr_lines": ["info: downloading installer", "rustup: Unable to run interactively. Run with -y to accept defaults, --help for additional options"], "stdout": "", "stdout_lines": []}
2022-12-28 23:22:58,586 p=24124 u=kal n=ansible | PLAY RECAP *********************************************************************
2022-12-28 23:22:58,586 p=24124 u=kal n=ansible | krpz                       : ok=9    changed=0    unreachable=0    failed=1    skipped=0    rescued=0    ignored=0   
2022-12-28 23:23:14,761 p=24619 u=kal n=ansible | PLAY [localhost] ***************************************************************
2022-12-28 23:23:14,768 p=24619 u=kal n=ansible | TASK [Gathering Facts] *********************************************************
2022-12-28 23:23:18,768 p=24619 u=kal n=ansible | ok: [krpz]
2022-12-28 23:23:18,789 p=24619 u=kal n=ansible | TASK [Install shell utilities w/ apt] ******************************************
2022-12-28 23:23:19,947 p=24619 u=kal n=ansible | ok: [krpz]
2022-12-28 23:23:19,955 p=24619 u=kal n=ansible | TASK [Ensure the user has a zsh shell.] ****************************************
2022-12-28 23:23:20,176 p=24619 u=kal n=ansible | ok: [krpz]
2022-12-28 23:23:20,184 p=24619 u=kal n=ansible | TASK [Install shell utilities w/ apt] ******************************************
2022-12-28 23:23:21,208 p=24619 u=kal n=ansible | ok: [krpz]
2022-12-28 23:23:21,215 p=24619 u=kal n=ansible | TASK [Install other utilities (wget, curl, git, etc.)] *************************
2022-12-28 23:23:22,232 p=24619 u=kal n=ansible | ok: [krpz]
2022-12-28 23:23:22,240 p=24619 u=kal n=ansible | TASK [Set environment managers] ************************************************
2022-12-28 23:23:23,250 p=24619 u=kal n=ansible | ok: [krpz]
2022-12-28 23:23:23,257 p=24619 u=kal n=ansible | TASK [Set environment managers] ************************************************
2022-12-28 23:23:24,293 p=24619 u=kal n=ansible | ok: [krpz]
2022-12-28 23:23:24,301 p=24619 u=kal n=ansible | TASK [Install VM techs] ********************************************************
2022-12-28 23:23:25,328 p=24619 u=kal n=ansible | ok: [krpz]
2022-12-28 23:23:25,335 p=24619 u=kal n=ansible | TASK [Install Rust] ************************************************************
2022-12-28 23:23:26,680 p=24619 u=kal n=ansible | fatal: [krpz]: FAILED! => {"changed": true, "cmd": "curl --proto '=https' --tlsv1.2 -sSf https://sh.rustup.rs | sh", "delta": "0:00:01.146122", "end": "2022-12-28 23:23:26.639524", "msg": "non-zero return code", "rc": 1, "start": "2022-12-28 23:23:25.493402", "stderr": "info: downloading installer\nrustup: Unable to run interactively. Run with -y to accept defaults, --help for additional options", "stderr_lines": ["info: downloading installer", "rustup: Unable to run interactively. Run with -y to accept defaults, --help for additional options"], "stdout": "", "stdout_lines": []}
2022-12-28 23:23:26,682 p=24619 u=kal n=ansible | PLAY RECAP *********************************************************************
2022-12-28 23:23:26,683 p=24619 u=kal n=ansible | krpz                       : ok=8    changed=0    unreachable=0    failed=1    skipped=0    rescued=0    ignored=0   
2022-12-28 23:23:36,061 p=25078 u=kal n=ansible | PLAY [localhost] ***************************************************************
2022-12-28 23:23:36,068 p=25078 u=kal n=ansible | TASK [Gathering Facts] *********************************************************
2022-12-28 23:23:40,141 p=25078 u=kal n=ansible | ok: [krpz]
2022-12-28 23:23:40,162 p=25078 u=kal n=ansible | TASK [Install shell utilities w/ apt] ******************************************
2022-12-28 23:23:41,327 p=25078 u=kal n=ansible | ok: [krpz]
2022-12-28 23:23:41,335 p=25078 u=kal n=ansible | TASK [Ensure the user has a zsh shell.] ****************************************
2022-12-28 23:23:41,558 p=25078 u=kal n=ansible | ok: [krpz]
2022-12-28 23:23:41,565 p=25078 u=kal n=ansible | TASK [Install shell utilities w/ apt] ******************************************
2022-12-28 23:23:42,609 p=25078 u=kal n=ansible | ok: [krpz]
2022-12-28 23:23:42,617 p=25078 u=kal n=ansible | TASK [Install other utilities (wget, curl, git, etc.)] *************************
2022-12-28 23:23:43,637 p=25078 u=kal n=ansible | ok: [krpz]
2022-12-28 23:23:43,645 p=25078 u=kal n=ansible | TASK [Set environment managers] ************************************************
2022-12-28 23:23:44,681 p=25078 u=kal n=ansible | ok: [krpz]
2022-12-28 23:23:44,689 p=25078 u=kal n=ansible | TASK [Set environment managers] ************************************************
2022-12-28 23:23:45,701 p=25078 u=kal n=ansible | ok: [krpz]
2022-12-28 23:23:45,709 p=25078 u=kal n=ansible | TASK [Install VM techs] ********************************************************
2022-12-28 23:23:46,726 p=25078 u=kal n=ansible | ok: [krpz]
2022-12-28 23:23:46,734 p=25078 u=kal n=ansible | TASK [Install Rust] ************************************************************
2022-12-28 23:23:47,106 p=25078 u=kal n=ansible | fatal: [krpz]: FAILED! => {"changed": true, "cmd": "curl --proto '=https' --tlsv1.2 -sSf https://sh.rustup.rs | sh -y", "delta": "0:00:00.179145", "end": "2022-12-28 23:23:47.071544", "msg": "non-zero return code", "rc": 2, "start": "2022-12-28 23:23:46.892399", "stderr": "sh: 0: Illegal option -y\ncurl: (23) Failure writing output to destination", "stderr_lines": ["sh: 0: Illegal option -y", "curl: (23) Failure writing output to destination"], "stdout": "", "stdout_lines": []}
2022-12-28 23:23:47,108 p=25078 u=kal n=ansible | PLAY RECAP *********************************************************************
2022-12-28 23:23:47,109 p=25078 u=kal n=ansible | krpz                       : ok=8    changed=0    unreachable=0    failed=1    skipped=0    rescued=0    ignored=0   
2022-12-28 23:26:40,016 p=26103 u=kal n=ansible | ERROR! We were unable to read either as JSON nor YAML, these are the errors we got from each:
JSON: Expecting value: line 1 column 1 (char 0)

Syntax Error while loading YAML.
  could not find expected ':'

The error appears to be in '/home/kal/dots/playbooks/all.yaml': line 22, column 3, but may
be elsewhere in the file depending on the exact syntax problem.

The offending line appears to be:

    $HOME/.zshrc
  - name: Install shell utilities w/ apt
  ^ here

2022-12-28 23:26:50,392 p=26128 u=kal n=ansible | ERROR! conflicting action statements: ansible.builtin.get_url, url

The error appears to be in '/home/kal/dots/playbooks/all.yaml': line 15, column 5, but may
be elsewhere in the file depending on the exact syntax problem.

The offending line appears to be:

      state: present
  - name: Download default .zshrc
    ^ here

2022-12-28 23:27:09,958 p=26153 u=kal n=ansible | PLAY [localhost] ***************************************************************
2022-12-28 23:27:09,966 p=26153 u=kal n=ansible | TASK [Gathering Facts] *********************************************************
2022-12-28 23:27:13,960 p=26153 u=kal n=ansible | ok: [krpz]
2022-12-28 23:27:13,981 p=26153 u=kal n=ansible | TASK [Install shell utilities w/ apt] ******************************************
2022-12-28 23:27:15,138 p=26153 u=kal n=ansible | ok: [krpz]
2022-12-28 23:27:15,146 p=26153 u=kal n=ansible | TASK [Ensure the user has a zsh shell.] ****************************************
2022-12-28 23:27:15,367 p=26153 u=kal n=ansible | ok: [krpz]
2022-12-28 23:27:15,375 p=26153 u=kal n=ansible | TASK [Download default .zshrc] *************************************************
2022-12-28 23:27:15,893 p=26153 u=kal n=ansible | changed: [krpz]
2022-12-28 23:27:15,902 p=26153 u=kal n=ansible | TASK [Install shell utilities w/ apt] ******************************************
2022-12-28 23:27:16,953 p=26153 u=kal n=ansible | ok: [krpz]
2022-12-28 23:27:16,961 p=26153 u=kal n=ansible | TASK [Install other utilities (wget, curl, git, etc.)] *************************
2022-12-28 23:27:18,001 p=26153 u=kal n=ansible | ok: [krpz]
2022-12-28 23:27:18,009 p=26153 u=kal n=ansible | TASK [Set environment managers] ************************************************
2022-12-28 23:27:19,042 p=26153 u=kal n=ansible | ok: [krpz]
2022-12-28 23:27:19,050 p=26153 u=kal n=ansible | TASK [Set environment managers] ************************************************
2022-12-28 23:27:20,088 p=26153 u=kal n=ansible | ok: [krpz]
2022-12-28 23:27:20,096 p=26153 u=kal n=ansible | TASK [Install VM techs] ********************************************************
2022-12-28 23:27:21,128 p=26153 u=kal n=ansible | ok: [krpz]
2022-12-28 23:27:21,137 p=26153 u=kal n=ansible | TASK [Install Rust] ************************************************************
2022-12-28 23:27:23,456 p=26153 u=kal n=ansible | fatal: [krpz]: FAILED! => {"changed": true, "cmd": "curl --proto '=https' --tlsv1.2 -sSf https://sh.rustup.rs | sh", "delta": "0:00:02.146054", "end": "2022-12-28 23:27:23.444587", "msg": "non-zero return code", "rc": 1, "start": "2022-12-28 23:27:21.298533", "stderr": "info: downloading installer\nrustup: Unable to run interactively. Run with -y to accept defaults, --help for additional options", "stderr_lines": ["info: downloading installer", "rustup: Unable to run interactively. Run with -y to accept defaults, --help for additional options"], "stdout": "", "stdout_lines": []}
2022-12-28 23:27:23,457 p=26153 u=kal n=ansible | PLAY RECAP *********************************************************************
2022-12-28 23:27:23,457 p=26153 u=kal n=ansible | krpz                       : ok=9    changed=1    unreachable=0    failed=1    skipped=0    rescued=0    ignored=0   
2022-12-28 23:29:48,782 p=27064 u=kal n=ansible | ERROR! We were unable to read either as JSON nor YAML, these are the errors we got from each:
JSON: Expecting value: line 1 column 1 (char 0)

Syntax Error while loading YAML.
  did not find expected key

The error appears to be in '/home/kal/dots/playbooks/all.yaml': line 43, column 4, but may
be elsewhere in the file depending on the exact syntax problem.

The offending line appears to be:

  - name: Install NVM
   shell:
   ^ here

2022-12-28 23:29:55,211 p=27072 u=kal n=ansible | PLAY [localhost] ***************************************************************
2022-12-28 23:29:55,219 p=27072 u=kal n=ansible | TASK [Gathering Facts] *********************************************************
2022-12-28 23:29:59,164 p=27072 u=kal n=ansible | ok: [krpz]
2022-12-28 23:29:59,188 p=27072 u=kal n=ansible | TASK [Install shell utilities w/ apt] ******************************************
2022-12-28 23:30:00,328 p=27072 u=kal n=ansible | ok: [krpz]
2022-12-28 23:30:00,336 p=27072 u=kal n=ansible | TASK [Ensure the user has a zsh shell.] ****************************************
2022-12-28 23:30:00,579 p=27072 u=kal n=ansible | ok: [krpz]
2022-12-28 23:30:00,586 p=27072 u=kal n=ansible | TASK [Download default .zshrc] *************************************************
2022-12-28 23:30:00,929 p=27072 u=kal n=ansible | ok: [krpz]
2022-12-28 23:30:00,938 p=27072 u=kal n=ansible | TASK [Install shell utilities w/ apt] ******************************************
2022-12-28 23:30:02,023 p=27072 u=kal n=ansible | ok: [krpz]
2022-12-28 23:30:02,032 p=27072 u=kal n=ansible | TASK [Install other utilities (wget, curl, git, etc.)] *************************
2022-12-28 23:30:03,098 p=27072 u=kal n=ansible | ok: [krpz]
2022-12-28 23:30:03,106 p=27072 u=kal n=ansible | TASK [Set environment managers (direnv, npm, conda)] ***************************
2022-12-28 23:30:04,127 p=27072 u=kal n=ansible | ok: [krpz]
2022-12-28 23:30:04,134 p=27072 u=kal n=ansible | TASK [Install NVM] *************************************************************
2022-12-28 23:30:04,517 p=27072 u=kal n=ansible | fatal: [krpz]: FAILED! => {"changed": true, "cmd": "curl -o- https://raw.githubusercontent.com/nvm-sh/nvm/v0.39.3/install.sh | zsh", "delta": "0:00:00.138486", "end": "2022-12-28 23:30:04.484880", "msg": "non-zero return code", "rc": 1, "start": "2022-12-28 23:30:04.346394", "stderr": "  % Total    % Received % Xferd  Average Speed   Time    Time     Time  Current\n                                 Dload  Upload   Total   Spent    Left  Speed\n\r  0     0    0     0    0     0      0      0 --:--:-- --:--:-- --:--:--     0\r100 15916  100 15916    0     0   120k      0 --:--:-- --:--:-- --:--:--  120k\nError: the install instructions explicitly say to pipe the install script to `bash`; please follow them", "stderr_lines": ["  % Total    % Received % Xferd  Average Speed   Time    Time     Time  Current", "                                 Dload  Upload   Total   Spent    Left  Speed", "", "  0     0    0     0    0     0      0      0 --:--:-- --:--:-- --:--:--     0", "100 15916  100 15916    0     0   120k      0 --:--:-- --:--:-- --:--:--  120k", "Error: the install instructions explicitly say to pipe the install script to `bash`; please follow them"], "stdout": "", "stdout_lines": []}
2022-12-28 23:30:04,519 p=27072 u=kal n=ansible | PLAY RECAP *********************************************************************
2022-12-28 23:30:04,520 p=27072 u=kal n=ansible | krpz                       : ok=7    changed=0    unreachable=0    failed=1    skipped=0    rescued=0    ignored=0   
2022-12-28 23:30:25,485 p=27473 u=kal n=ansible | PLAY [localhost] ***************************************************************
2022-12-28 23:30:25,493 p=27473 u=kal n=ansible | TASK [Gathering Facts] *********************************************************
2022-12-28 23:30:29,411 p=27473 u=kal n=ansible | ok: [krpz]
2022-12-28 23:30:29,434 p=27473 u=kal n=ansible | TASK [Install shell utilities w/ apt] ******************************************
2022-12-28 23:30:30,570 p=27473 u=kal n=ansible | ok: [krpz]
2022-12-28 23:30:30,578 p=27473 u=kal n=ansible | TASK [Ensure the user has a zsh shell.] ****************************************
2022-12-28 23:30:30,799 p=27473 u=kal n=ansible | ok: [krpz]
2022-12-28 23:30:30,806 p=27473 u=kal n=ansible | TASK [Download default .zshrc] *************************************************
2022-12-28 23:30:31,212 p=27473 u=kal n=ansible | ok: [krpz]
2022-12-28 23:30:31,221 p=27473 u=kal n=ansible | TASK [Install shell utilities w/ apt] ******************************************
2022-12-28 23:30:32,272 p=27473 u=kal n=ansible | ok: [krpz]
2022-12-28 23:30:32,280 p=27473 u=kal n=ansible | TASK [Install other utilities (wget, curl, git, etc.)] *************************
2022-12-28 23:30:33,311 p=27473 u=kal n=ansible | ok: [krpz]
2022-12-28 23:30:33,318 p=27473 u=kal n=ansible | TASK [Set environment managers (direnv, npm, conda)] ***************************
2022-12-28 23:30:34,374 p=27473 u=kal n=ansible | ok: [krpz]
2022-12-28 23:30:34,382 p=27473 u=kal n=ansible | TASK [Install NVM] *************************************************************
2022-12-28 23:30:34,735 p=27473 u=kal n=ansible | fatal: [krpz]: FAILED! => {"changed": true, "cmd": "curl -o- https://raw.githubusercontent.com/nvm-sh/nvm/v0.39.3/install.sh | sh", "delta": "0:00:00.159678", "end": "2022-12-28 23:30:34.698904", "msg": "non-zero return code", "rc": 1, "start": "2022-12-28 23:30:34.539226", "stderr": "  % Total    % Received % Xferd  Average Speed   Time    Time     Time  Current\n                                 Dload  Upload   Total   Spent    Left  Speed\n\r  0     0    0     0    0     0      0      0 --:--:-- --:--:-- --:--:--     0\r100 15916  100 15916    0     0   103k      0 --:--:-- --:--:-- --:--:--  104k\nError: the install instructions explicitly say to pipe the install script to `bash`; please follow them", "stderr_lines": ["  % Total    % Received % Xferd  Average Speed   Time    Time     Time  Current", "                                 Dload  Upload   Total   Spent    Left  Speed", "", "  0     0    0     0    0     0      0      0 --:--:-- --:--:-- --:--:--     0", "100 15916  100 15916    0     0   103k      0 --:--:-- --:--:-- --:--:--  104k", "Error: the install instructions explicitly say to pipe the install script to `bash`; please follow them"], "stdout": "", "stdout_lines": []}
2022-12-28 23:30:34,736 p=27473 u=kal n=ansible | PLAY RECAP *********************************************************************
2022-12-28 23:30:34,736 p=27473 u=kal n=ansible | krpz                       : ok=7    changed=0    unreachable=0    failed=1    skipped=0    rescued=0    ignored=0   
2022-12-28 23:30:44,149 p=27848 u=kal n=ansible | PLAY [localhost] ***************************************************************
2022-12-28 23:30:44,157 p=27848 u=kal n=ansible | TASK [Gathering Facts] *********************************************************
2022-12-28 23:30:48,157 p=27848 u=kal n=ansible | ok: [krpz]
2022-12-28 23:30:48,178 p=27848 u=kal n=ansible | TASK [Install shell utilities w/ apt] ******************************************
2022-12-28 23:30:49,342 p=27848 u=kal n=ansible | ok: [krpz]
2022-12-28 23:30:49,351 p=27848 u=kal n=ansible | TASK [Ensure the user has a zsh shell.] ****************************************
2022-12-28 23:30:49,574 p=27848 u=kal n=ansible | ok: [krpz]
2022-12-28 23:30:49,582 p=27848 u=kal n=ansible | TASK [Download default .zshrc] *************************************************
2022-12-28 23:30:49,938 p=27848 u=kal n=ansible | ok: [krpz]
2022-12-28 23:30:49,967 p=27848 u=kal n=ansible | TASK [Install shell utilities w/ apt] ******************************************
2022-12-28 23:30:51,045 p=27848 u=kal n=ansible | ok: [krpz]
2022-12-28 23:30:51,053 p=27848 u=kal n=ansible | TASK [Install other utilities (wget, curl, git, etc.)] *************************
2022-12-28 23:30:52,184 p=27848 u=kal n=ansible | ok: [krpz]
2022-12-28 23:30:52,192 p=27848 u=kal n=ansible | TASK [Set environment managers (direnv, npm, conda)] ***************************
2022-12-28 23:30:53,428 p=27848 u=kal n=ansible | ok: [krpz]
2022-12-28 23:30:53,436 p=27848 u=kal n=ansible | TASK [Install NVM] *************************************************************
2022-12-28 23:30:54,713 p=27848 u=kal n=ansible | changed: [krpz]
2022-12-28 23:30:54,720 p=27848 u=kal n=ansible | TASK [Install utilities (htop, tree, pstree, etc.)] ****************************
2022-12-28 23:30:55,916 p=27848 u=kal n=ansible | ok: [krpz]
2022-12-28 23:30:55,924 p=27848 u=kal n=ansible | TASK [Install VM techs] ********************************************************
2022-12-28 23:30:56,960 p=27848 u=kal n=ansible | ok: [krpz]
2022-12-28 23:30:56,968 p=27848 u=kal n=ansible | TASK [Install Rust] ************************************************************
2022-12-28 23:30:59,105 p=27848 u=kal n=ansible | fatal: [krpz]: FAILED! => {"changed": true, "cmd": "curl --proto '=https' --tlsv1.2 -sSf https://sh.rustup.rs | sh", "delta": "0:00:02.040437", "end": "2022-12-28 23:30:59.088148", "msg": "non-zero return code", "rc": 1, "start": "2022-12-28 23:30:57.047711", "stderr": "info: downloading installer\nrustup: Unable to run interactively. Run with -y to accept defaults, --help for additional options", "stderr_lines": ["info: downloading installer", "rustup: Unable to run interactively. Run with -y to accept defaults, --help for additional options"], "stdout": "", "stdout_lines": []}
2022-12-28 23:30:59,105 p=27848 u=kal n=ansible | PLAY RECAP *********************************************************************
2022-12-28 23:30:59,105 p=27848 u=kal n=ansible | krpz                       : ok=10   changed=1    unreachable=0    failed=1    skipped=0    rescued=0    ignored=0   
2022-12-28 23:37:24,883 p=29534 u=kal n=ansible | PLAY [localhost] ***************************************************************
2022-12-28 23:37:24,891 p=29534 u=kal n=ansible | TASK [Gathering Facts] *********************************************************
2022-12-28 23:37:28,802 p=29534 u=kal n=ansible | ok: [krpz]
2022-12-28 23:37:28,823 p=29534 u=kal n=ansible | TASK [Install shell utilities w/ apt] ******************************************
2022-12-28 23:37:29,983 p=29534 u=kal n=ansible | ok: [krpz]
2022-12-28 23:37:29,992 p=29534 u=kal n=ansible | TASK [Ensure the user has a zsh shell.] ****************************************
2022-12-28 23:37:30,214 p=29534 u=kal n=ansible | ok: [krpz]
2022-12-28 23:37:30,222 p=29534 u=kal n=ansible | TASK [Download default .zshrc] *************************************************
2022-12-28 23:37:30,648 p=29534 u=kal n=ansible | ok: [krpz]
2022-12-28 23:37:30,677 p=29534 u=kal n=ansible | TASK [Install shell utilities w/ apt] ******************************************
2022-12-28 23:37:31,759 p=29534 u=kal n=ansible | ok: [krpz]
2022-12-28 23:37:31,767 p=29534 u=kal n=ansible | TASK [Install other utilities (wget, curl, git, etc.)] *************************
2022-12-28 23:37:32,817 p=29534 u=kal n=ansible | ok: [krpz]
2022-12-28 23:37:32,825 p=29534 u=kal n=ansible | TASK [Set environment managers (direnv, npm, conda)] ***************************
2022-12-28 23:37:33,882 p=29534 u=kal n=ansible | ok: [krpz]
2022-12-28 23:37:33,890 p=29534 u=kal n=ansible | TASK [Install NVM] *************************************************************
2022-12-28 23:37:34,712 p=29534 u=kal n=ansible | changed: [krpz]
2022-12-28 23:37:34,719 p=29534 u=kal n=ansible | TASK [Install utilities (htop, tree, pstree, etc.)] ****************************
2022-12-28 23:37:35,830 p=29534 u=kal n=ansible | ok: [krpz]
2022-12-28 23:37:35,840 p=29534 u=kal n=ansible | TASK [Install VM techs] ********************************************************
2022-12-28 23:37:36,883 p=29534 u=kal n=ansible | ok: [krpz]
2022-12-28 23:37:36,891 p=29534 u=kal n=ansible | TASK [Install Rust] ************************************************************
2022-12-28 23:37:38,173 p=29534 u=kal n=ansible | fatal: [krpz]: FAILED! => {"changed": true, "cmd": "curl --proto '=https' --tlsv1.2 -sSf https://sh.rustup.rs | sh", "delta": "0:00:01.198078", "end": "2022-12-28 23:37:38.161487", "msg": "non-zero return code", "rc": 1, "start": "2022-12-28 23:37:36.963409", "stderr": "info: downloading installer\nrustup: Unable to run interactively. Run with -y to accept defaults, --help for additional options", "stderr_lines": ["info: downloading installer", "rustup: Unable to run interactively. Run with -y to accept defaults, --help for additional options"], "stdout": "", "stdout_lines": []}
2022-12-28 23:37:38,174 p=29534 u=kal n=ansible | PLAY RECAP *********************************************************************
2022-12-28 23:37:38,174 p=29534 u=kal n=ansible | krpz                       : ok=10   changed=1    unreachable=0    failed=1    skipped=0    rescued=0    ignored=0   
2022-12-28 23:37:39,673 p=30093 u=kal n=ansible | PLAY [localhost] ***************************************************************
2022-12-28 23:37:39,681 p=30093 u=kal n=ansible | TASK [Gathering Facts] *********************************************************
2022-12-28 23:37:42,099 p=30093 u=kal n=ansible | ok: [krpz]
2022-12-28 23:37:42,120 p=30093 u=kal n=ansible | TASK [Install shell utilities w/ apt] ******************************************
2022-12-28 23:37:43,245 p=30093 u=kal n=ansible | ok: [krpz]
2022-12-28 23:37:43,253 p=30093 u=kal n=ansible | TASK [Ensure the user has a zsh shell.] ****************************************
2022-12-28 23:37:43,473 p=30093 u=kal n=ansible | ok: [krpz]
2022-12-28 23:37:43,480 p=30093 u=kal n=ansible | TASK [Download default .zshrc] *************************************************
2022-12-28 23:37:43,995 p=30093 u=kal n=ansible | ok: [krpz]
2022-12-28 23:37:44,022 p=30093 u=kal n=ansible | TASK [Install shell utilities w/ apt] ******************************************
2022-12-28 23:37:45,059 p=30093 u=kal n=ansible | ok: [krpz]
2022-12-28 23:37:45,067 p=30093 u=kal n=ansible | TASK [Install other utilities (wget, curl, git, etc.)] *************************
2022-12-28 23:37:46,093 p=30093 u=kal n=ansible | ok: [krpz]
2022-12-28 23:37:46,101 p=30093 u=kal n=ansible | TASK [Set environment managers (direnv, npm, conda)] ***************************
2022-12-28 23:37:47,148 p=30093 u=kal n=ansible | ok: [krpz]
2022-12-28 23:37:47,156 p=30093 u=kal n=ansible | TASK [Install NVM] *************************************************************
2022-12-28 23:37:48,022 p=30093 u=kal n=ansible | changed: [krpz]
2022-12-28 23:37:48,047 p=30093 u=kal n=ansible | TASK [Install utilities (htop, tree, pstree, etc.)] ****************************
2022-12-28 23:37:49,105 p=30093 u=kal n=ansible | ok: [krpz]
2022-12-28 23:37:49,113 p=30093 u=kal n=ansible | TASK [Install VM techs] ********************************************************
2022-12-28 23:37:50,154 p=30093 u=kal n=ansible | ok: [krpz]
2022-12-28 23:37:50,162 p=30093 u=kal n=ansible | TASK [Installl tailscale] ******************************************************
2022-12-28 23:37:55,355 p=30093 u=kal n=ansible | changed: [krpz]
2022-12-28 23:37:55,363 p=30093 u=kal n=ansible | TASK [Creates MyApplications and bin directory] ********************************
2022-12-28 23:37:55,544 p=30093 u=kal n=ansible | ok: [krpz]
2022-12-28 23:37:55,584 p=30093 u=kal n=ansible | PLAY RECAP *********************************************************************
2022-12-28 23:37:55,584 p=30093 u=kal n=ansible | krpz                       : ok=12   changed=2    unreachable=0    failed=0    skipped=0    rescued=0    ignored=0   
2022-12-28 23:39:24,519 p=31549 u=kal n=ansible | PLAY [localhost] ***************************************************************
2022-12-28 23:39:24,526 p=31549 u=kal n=ansible | TASK [Gathering Facts] *********************************************************
2022-12-28 23:39:28,506 p=31549 u=kal n=ansible | ok: [krpz]
2022-12-28 23:39:28,527 p=31549 u=kal n=ansible | TASK [Install shell utilities w/ apt] ******************************************
2022-12-28 23:39:29,672 p=31549 u=kal n=ansible | ok: [krpz]
2022-12-28 23:39:29,680 p=31549 u=kal n=ansible | TASK [Ensure the user has a zsh shell.] ****************************************
2022-12-28 23:39:29,900 p=31549 u=kal n=ansible | ok: [krpz]
2022-12-28 23:39:29,907 p=31549 u=kal n=ansible | TASK [Download default .zshrc] *************************************************
2022-12-28 23:39:30,301 p=31549 u=kal n=ansible | ok: [krpz]
2022-12-28 23:39:30,330 p=31549 u=kal n=ansible | TASK [Install shell utilities w/ apt] ******************************************
2022-12-28 23:39:31,396 p=31549 u=kal n=ansible | ok: [krpz]
2022-12-28 23:39:31,404 p=31549 u=kal n=ansible | TASK [Install other utilities (wget, curl, git, etc.)] *************************
2022-12-28 23:39:32,428 p=31549 u=kal n=ansible | ok: [krpz]
2022-12-28 23:39:32,436 p=31549 u=kal n=ansible | TASK [Set environment managers (direnv, npm, conda)] ***************************
2022-12-28 23:39:33,471 p=31549 u=kal n=ansible | ok: [krpz]
2022-12-28 23:39:33,479 p=31549 u=kal n=ansible | TASK [Install NVM] *************************************************************
2022-12-28 23:39:34,415 p=31549 u=kal n=ansible | changed: [krpz]
2022-12-28 23:39:34,433 p=31549 u=kal n=ansible | TASK [Install utilities (htop, tree, pstree, etc.)] ****************************
2022-12-28 23:39:35,502 p=31549 u=kal n=ansible | ok: [krpz]
2022-12-28 23:39:35,509 p=31549 u=kal n=ansible | TASK [Install VM techs] ********************************************************
2022-12-28 23:39:36,534 p=31549 u=kal n=ansible | ok: [krpz]
2022-12-28 23:39:36,542 p=31549 u=kal n=ansible | TASK [Install tailscale] *******************************************************
2022-12-28 23:39:40,410 p=31549 u=kal n=ansible | changed: [krpz]
2022-12-28 23:39:40,418 p=31549 u=kal n=ansible | TASK [Install editor, markdown tools, etc. (pandoc, lynx, etc.)] ***************
2022-12-28 23:39:46,026 p=31549 u=kal n=ansible | changed: [krpz]
2022-12-28 23:39:46,034 p=31549 u=kal n=ansible | TASK [Creates MyApplications and bin directory] ********************************
2022-12-28 23:39:46,212 p=31549 u=kal n=ansible | ok: [krpz]
2022-12-28 23:39:46,253 p=31549 u=kal n=ansible | PLAY RECAP *********************************************************************
2022-12-28 23:39:46,253 p=31549 u=kal n=ansible | krpz                       : ok=13   changed=3    unreachable=0    failed=0    skipped=0    rescued=0    ignored=0   
